<?xml version="1.0" encoding="UTF-8"?>
<!-- Generated by org.testng.reporters.JUnitReportReporter -->
<testsuite hostname="AMX-RD-19-249-W" failures="0" tests="1" name="practice.ExcelColor" time="0.568" errors="0" timestamp="22 Jan 2020 06:54:22 GMT" skipped="0">
  <testcase classname="practice.ExcelColor" name="setFontColor" time="0.568"/>
</testsuite> <!-- practice.ExcelColor -->
